SF:lib\app\core\network\network_info.dart
DA:9,1
DA:13,1
DA:17,1
DA:19,1
DA:20,1
DA:23,1
DA:25,4
DA:26,2
DA:30,1
DA:32,2
DA:33,1
LF:11
LH:11
end_of_record
SF:lib\app\core\network\network_info_datasource.dart
DA:15,0
DA:17,0
DA:19,0
DA:20,0
DA:22,0
DA:26,0
DA:28,0
DA:29,0
LF:8
LH:0
end_of_record
SF:lib\app\core\features\errors\custom_exception.dart
DA:7,6
DA:9,0
DA:11,0
DA:12,0
DA:15,0
LF:5
LH:1
end_of_record
SF:lib\app\data\datasources\marvel_character_datasource.dart
DA:27,0
DA:29,0
DA:33,0
DA:36,0
DA:38,0
DA:40,0
DA:41,0
DA:42,0
DA:43,0
DA:45,0
DA:46,0
DA:49,0
DA:52,0
DA:56,0
DA:59,0
DA:60,0
DA:62,0
DA:63,0
DA:65,0
DA:66,0
DA:67,0
DA:68,0
DA:70,0
DA:71,0
DA:74,0
DA:75,0
DA:79,0
DA:83,0
DA:87,0
DA:88,0
DA:90,0
DA:91,0
DA:93,0
DA:94,0
DA:95,0
DA:96,0
DA:98,0
DA:99,0
DA:102,0
DA:103,0
DA:107,0
DA:111,0
DA:114,0
DA:115,0
DA:117,0
DA:118,0
DA:120,0
DA:121,0
DA:122,0
DA:123,0
DA:125,0
DA:126,0
DA:129,0
DA:130,0
DA:134,0
LF:55
LH:0
end_of_record
SF:lib\app\data\repository\marvel_character_repository_impl.dart
DA:12,2
DA:14,2
DA:18,4
DA:19,2
DA:20,2
DA:21,2
DA:23,3
DA:27,2
DA:31,4
DA:32,2
DA:33,2
DA:34,2
DA:36,3
DA:40,2
DA:46,4
DA:47,2
DA:48,2
DA:49,2
DA:51,3
DA:55,2
DA:59,4
DA:60,2
DA:61,2
DA:62,2
DA:64,3
LF:25
LH:25
end_of_record
SF:lib\app\domain\entities\character_overview_entity.dart
DA:7,3
DA:15,0
DA:17,0
DA:18,0
DA:19,0
DA:20,0
DA:21,0
DA:22,0
DA:23,0
DA:24,0
DA:35,3
LF:11
LH:2
end_of_record
SF:lib\app\domain\entities\character_preview_entity.dart
DA:6,6
LF:1
LH:1
end_of_record
SF:lib\app\core\features\http_client\http_client.dart
DA:18,0
DA:20,0
DA:24,0
DA:25,0
DA:27,0
DA:28,0
DA:29,0
DA:30,0
DA:31,0
DA:34,0
DA:35,0
DA:42,0
DA:44,0
DA:46,0
DA:53,0
DA:54,0
DA:60,0
DA:61,0
DA:62,0
DA:63,0
DA:64,0
DA:67,0
DA:69,0
DA:70,0
DA:80,0
DA:82,0
DA:83,0
DA:84,0
LF:28
LH:0
end_of_record
SF:lib\app\core\features\local_storage\local_storage.dart
DA:8,0
DA:9,0
DA:10,0
DA:13,0
DA:15,0
DA:17,0
DA:18,0
DA:19,0
DA:20,0
DA:21,0
DA:22,0
DA:25,0
DA:27,0
DA:28,0
DA:29,0
DA:38,0
DA:40,0
DA:43,0
DA:44,0
DA:46,0
DA:53,0
DA:54,0
DA:56,0
DA:57,0
DA:58,0
DA:59,0
DA:60,0
DA:61,0
DA:66,0
DA:68,0
DA:71,0
LF:31
LH:0
end_of_record
SF:lib\app\data\adapters\character_overview_adapter.dart
DA:4,0
DA:5,0
DA:6,0
DA:9,0
DA:10,0
DA:11,0
DA:12,0
DA:13,0
DA:14,0
DA:15,0
DA:16,0
DA:17,0
DA:20,0
LF:13
LH:0
end_of_record
SF:lib\app\data\adapters\character_preview_adapter.dart
DA:4,0
DA:5,0
DA:6,0
DA:8,0
DA:9,0
DA:13,0
DA:14,0
DA:15,0
DA:16,0
LF:9
LH:0
end_of_record
SF:lib\app\domain\usecases\get_character_by_id_usecase.dart
DA:10,1
DA:12,1
DA:14,2
LF:3
LH:3
end_of_record
SF:lib\app\domain\usecases\get_characters_usecase.dart
DA:10,1
DA:12,1
DA:14,2
LF:3
LH:3
end_of_record
SF:lib\app\domain\usecases\get_filtered_characters_list_usecase.dart
DA:11,1
DA:13,1
DA:17,2
LF:3
LH:3
end_of_record
SF:lib\app\domain\usecases\search_characters_usecase.dart
DA:10,1
DA:12,1
DA:14,2
LF:3
LH:3
end_of_record
